<?xml version="1.0" encoding="UTF-8"?>
<testng-results ignored="0" total="1" passed="1" failed="0" skipped="0">
  <reporter-output>
  </reporter-output>
  <suite started-at="2024-02-07T21:48:32 IST" name="Default suite" finished-at="2024-02-07T21:48:32 IST" duration-ms="86">
    <groups>
    </groups>
    <test started-at="2024-02-07T21:48:32 IST" name="Default test" finished-at="2024-02-07T21:48:32 IST" duration-ms="86">
      <class name="selenium.interview.series.TakeScreeShot">
        <test-method signature="launchBrowserAndTakeScreenshot()[pri:0, instance:selenium.interview.series.TakeScreeShot@16610890]" started-at="2024-02-07T21:48:32 IST" name="launchBrowserAndTakeScreenshot" finished-at="2024-02-07T21:48:32 IST" duration-ms="9" status="PASS">
          <reporter-output>
          </reporter-output>
        </test-method> <!-- launchBrowserAndTakeScreenshot -->
      </class> <!-- selenium.interview.series.TakeScreeShot -->
    </test> <!-- Default test -->
  </suite> <!-- Default suite -->
</testng-results>
